<?xml version="1.0" encoding="UTF-8"?>
<!-- Generated by org.testng.reporters.JUnitReportReporter -->
<testsuite hostname="LTIN654110" failures="3" tests="7" name="com.emi.runners.CucumberRerunTestRunner" time="87.731" errors="0" timestamp="2025-08-22T14:19:23 IST" skipped="0">
  <testcase classname="com.emi.runners.CucumberRerunTestRunner" name="runScenario" time="10.800">
    <failure message="Negative values were not reset correctly expected [true] but found [false]" type="java.lang.AssertionError">
      <![CDATA[java.lang.AssertionError: Negative values were not reset correctly expected [true] but found [false]
at org.testng.Assert.fail(Assert.java:111)
at org.testng.Assert.failNotEquals(Assert.java:1590)
at org.testng.Assert.assertTrue(Assert.java:57)
at com.emi.stepdefinitions.LoanCalculatorSteps.i_enter_negative_values(LoanCalculatorSteps.java:97)
at ✽.I enter negative values: loan amount "-1700000", interest rate "-10.34", loan term "-6", processing fee "-11674"(file:///C:/Users/2421305/eclipse-workspace/Emi/src/test/resources/features/emi_calculator.feature:51)
]]>
    </failure>
  </testcase> <!-- runScenario -->
  <testcase classname="com.emi.runners.CucumberRerunTestRunner" name="runScenario" time="9.537"/>
  <testcase classname="com.emi.runners.CucumberRerunTestRunner" name="runScenario" time="13.951"/>
  <testcase classname="com.emi.runners.CucumberRerunTestRunner" name="runScenario" time="13.878"/>
  <testcase classname="com.emi.runners.CucumberRerunTestRunner" name="runScenario" time="14.021">
    <failure message="UI elements are missing or not functional expected [true] but found [false]" type="java.lang.AssertionError">
      <![CDATA[java.lang.AssertionError: UI elements are missing or not functional expected [true] but found [false]
at org.testng.Assert.fail(Assert.java:111)
at org.testng.Assert.failNotEquals(Assert.java:1590)
at org.testng.Assert.assertTrue(Assert.java:57)
at com.emi.stepdefinitions.LoanCalculatorSteps.all_ui_elements_visible_and_functional(LoanCalculatorSteps.java:37)
at ✽.all UI elements such as text boxes and controls should be visible and functional(file:///C:/Users/2421305/eclipse-workspace/Emi/src/test/resources/features/emi_calculator.feature:35)
]]>
    </failure>
  </testcase> <!-- runScenario -->
  <testcase classname="com.emi.runners.CucumberRerunTestRunner" name="runScenario" time="10.450"/>
  <testcase classname="com.emi.runners.CucumberRerunTestRunner" name="runScenario" time="15.094">
    <failure message="UI elements are missing or not functional expected [true] but found [false]" type="java.lang.AssertionError">
      <![CDATA[java.lang.AssertionError: UI elements are missing or not functional expected [true] but found [false]
at org.testng.Assert.fail(Assert.java:111)
at org.testng.Assert.failNotEquals(Assert.java:1590)
at org.testng.Assert.assertTrue(Assert.java:57)
at com.emi.stepdefinitions.LoanCalculatorSteps.all_ui_elements_visible_and_functional(LoanCalculatorSteps.java:37)
at ✽.all UI elements such as text boxes and controls should be visible and functional(file:///C:/Users/2421305/eclipse-workspace/Emi/src/test/resources/features/emi_calculator.feature:24)
]]>
    </failure>
  </testcase> <!-- runScenario -->
</testsuite> <!-- com.emi.runners.CucumberRerunTestRunner -->
